# JRE version: OpenJDK Runtime Environment (8.0_272-b10) (build 1.8.0_272-b10)
# Java VM: OpenJDK 64-Bit Server VM (25.272-b10 mixed mode windows-amd64 compressed oops)
Heap:
 PSYoungGen      total 138752K, used 1887K [0x00000000f5580000, 0x0000000100000000, 0x0000000100000000)
  eden space 104448K, 1% used [0x00000000f5580000,0x00000000f5757d88,0x00000000fbb80000)
  from space 34304K, 0% used [0x00000000fbb80000,0x00000000fbb80000,0x00000000fdd00000)
  to   space 33792K, 0% used [0x00000000fdf00000,0x00000000fdf00000,0x0000000100000000)
 ParOldGen       total 349696K, used 192344K [0x00000000e0000000, 0x00000000f5580000, 0x00000000f5580000)
  object space 349696K, 55% used [0x00000000e0000000,0x00000000ebbd6040,0x00000000f5580000)
 Metaspace       used 132750K, capacity 140370K, committed 141208K, reserved 1171456K
  class space    used 17330K, capacity 18898K, committed 19112K, reserved 1048576K
GC Heap History (10 events):
Event: 436.286 GC heap before
{Heap before GC invocations=44 (full 4):
 PSYoungGen      total 127488K, used 127025K [0x00000000f5580000, 0x0000000100000000, 0x0000000100000000)
  eden space 108032K, 100% used [0x00000000f5580000,0x00000000fbf00000,0x00000000fbf00000)
  from space 19456K, 97% used [0x00000000fbf00000,0x00000000fd18c5f0,0x00000000fd200000)
  to   space 33792K, 0% used [0x00000000fdf00000,0x00000000fdf00000,0x0000000100000000)
 ParOldGen       total 252928K, used 191754K [0x00000000e0000000, 0x00000000ef700000, 0x00000000f5580000)
  object space 252928K, 75% used [0x00000000e0000000,0x00000000ebb42928,0x00000000ef700000)
 Metaspace       used 130421K, capacity 138256K, committed 138392K, reserved 1169408K
  class space    used 17217K, capacity 18837K, committed 18856K, reserved 1048576K
Event: 436.491 GC heap after
Heap after GC invocations=44 (full 4):
 PSYoungGen      total 137728K, used 22971K [0x00000000f5580000, 0x0000000100000000, 0x0000000100000000)
  eden space 103936K, 0% used [0x00000000f5580000,0x00000000f5580000,0x00000000fbb00000)
  from space 33792K, 67% used [0x00000000fdf00000,0x00000000ff56ec18,0x0000000100000000)
  to   space 35328K, 0% used [0x00000000fbb00000,0x00000000fbb00000,0x00000000fdd80000)
 ParOldGen       total 252928K, used 207081K [0x00000000e0000000, 0x00000000ef700000, 0x00000000f5580000)
  object space 252928K, 81% used [0x00000000e0000000,0x00000000eca3a4d0,0x00000000ef700000)
 Metaspace       used 130421K, capacity 138256K, committed 138392K, reserved 1169408K
  class space    used 17217K, capacity 18837K, committed 18856K, reserved 1048576K
}
Event: 440.237 GC heap before
{Heap before GC invocations=45 (full 4):
 PSYoungGen      total 137728K, used 126907K [0x00000000f5580000, 0x0000000100000000, 0x0000000100000000)
  eden space 103936K, 100% used [0x00000000f5580000,0x00000000fbb00000,0x00000000fbb00000)
  from space 33792K, 67% used [0x00000000fdf00000,0x00000000ff56ec18,0x0000000100000000)
  to   space 35328K, 0% used [0x00000000fbb00000,0x00000000fbb00000,0x00000000fdd80000)
 ParOldGen       total 252928K, used 207081K [0x00000000e0000000, 0x00000000ef700000, 0x00000000f5580000)
  object space 252928K, 81% used [0x00000000e0000000,0x00000000eca3a4d0,0x00000000ef700000)
 Metaspace       used 132729K, capacity 140678K, committed 140952K, reserved 1171456K
  class space    used 17411K, capacity 19064K, committed 19112K, reserved 1048576K
Event: 440.473 GC heap after
Heap after GC invocations=45 (full 4):
 PSYoungGen      total 139264K, used 5459K [0x00000000f5580000, 0x0000000100000000, 0x0000000100000000)
  eden space 103936K, 0% used [0x00000000f5580000,0x00000000f5580000,0x00000000fbb00000)
  from space 35328K, 15% used [0x00000000fbb00000,0x00000000fc054f38,0x00000000fdd80000)
  to   space 34816K, 0% used [0x00000000fde00000,0x00000000fde00000,0x0000000100000000)
 ParOldGen       total 252928K, used 226455K [0x00000000e0000000, 0x00000000ef700000, 0x00000000f5580000)
  object space 252928K, 89% used [0x00000000e0000000,0x00000000edd25f98,0x00000000ef700000)
 Metaspace       used 132729K, capacity 140678K, committed 140952K, reserved 1171456K
  class space    used 17411K, capacity 19064K, committed 19112K, reserved 1048576K
}
Event: 441.909 GC heap before
{Heap before GC invocations=46 (full 4):
 PSYoungGen      total 139264K, used 109395K [0x00000000f5580000, 0x0000000100000000, 0x0000000100000000)
  eden space 103936K, 100% used [0x00000000f5580000,0x00000000fbb00000,0x00000000fbb00000)
  from space 35328K, 15% used [0x00000000fbb00000,0x00000000fc054f38,0x00000000fdd80000)
  to   space 34816K, 0% used [0x00000000fde00000,0x00000000fde00000,0x0000000100000000)
 ParOldGen       total 252928K, used 226455K [0x00000000e0000000, 0x00000000ef700000, 0x00000000f5580000)
  object space 252928K, 89% used [0x00000000e0000000,0x00000000edd25f98,0x00000000ef700000)
 Metaspace       used 132971K, capacity 140904K, committed 140952K, reserved 1171456K
  class space    used 17427K, capacity 19067K, committed 19112K, reserved 1048576K
Event: 441.938 GC heap after
Heap after GC invocations=46 (full 4):
 PSYoungGen      total 137728K, used 3754K [0x00000000f5580000, 0x00000000ffe80000, 0x0000000100000000)
  eden space 104448K, 0% used [0x00000000f5580000,0x00000000f5580000,0x00000000fbb80000)
  from space 33280K, 11% used [0x00000000fde00000,0x00000000fe1aab18,0x00000000ffe80000)
  to   space 34304K, 0% used [0x00000000fbb80000,0x00000000fbb80000,0x00000000fdd00000)
 ParOldGen       total 252928K, used 230348K [0x00000000e0000000, 0x00000000ef700000, 0x00000000f5580000)
  object space 252928K, 91% used [0x00000000e0000000,0x00000000ee0f30f8,0x00000000ef700000)
 Metaspace       used 132971K, capacity 140904K, committed 140952K, reserved 1171456K
  class space    used 17427K, capacity 19067K, committed 19112K, reserved 1048576K
}
Event: 442.731 GC heap before
{Heap before GC invocations=47 (full 4):
 PSYoungGen      total 137728K, used 108202K [0x00000000f5580000, 0x00000000ffe80000, 0x0000000100000000)
  eden space 104448K, 100% used [0x00000000f5580000,0x00000000fbb80000,0x00000000fbb80000)
  from space 33280K, 11% used [0x00000000fde00000,0x00000000fe1aab18,0x00000000ffe80000)
  to   space 34304K, 0% used [0x00000000fbb80000,0x00000000fbb80000,0x00000000fdd00000)
 ParOldGen       total 252928K, used 230348K [0x00000000e0000000, 0x00000000ef700000, 0x00000000f5580000)
  object space 252928K, 91% used [0x00000000e0000000,0x00000000ee0f30f8,0x00000000ef700000)
 Metaspace       used 133030K, capacity 141040K, committed 141208K, reserved 1171456K
  class space    used 17428K, capacity 19067K, committed 19112K, reserved 1048576K
Event: 442.765 GC heap after
Heap after GC invocations=47 (full 4):
 PSYoungGen      total 138752K, used 2981K [0x00000000f5580000, 0x0000000100000000, 0x0000000100000000)
  eden space 104448K, 0% used [0x00000000f5580000,0x00000000f5580000,0x00000000fbb80000)
  from space 34304K, 8% used [0x00000000fbb80000,0x00000000fbe694a0,0x00000000fdd00000)
  to   space 33792K, 0% used [0x00000000fdf00000,0x00000000fdf00000,0x0000000100000000)
 ParOldGen       total 252928K, used 233507K [0x00000000e0000000, 0x00000000ef700000, 0x00000000f5580000)
  object space 252928K, 92% used [0x00000000e0000000,0x00000000ee408eb0,0x00000000ef700000)
 Metaspace       used 133030K, capacity 141040K, committed 141208K, reserved 1171456K
  class space    used 17428K, capacity 19067K, committed 19112K, reserved 1048576K
}
Event: 442.767 GC heap before
{Heap before GC invocations=48 (full 5):
 PSYoungGen      total 138752K, used 2981K [0x00000000f5580000, 0x0000000100000000, 0x0000000100000000)
  eden space 104448K, 0% used [0x00000000f5580000,0x00000000f5580000,0x00000000fbb80000)
  from space 34304K, 8% used [0x00000000fbb80000,0x00000000fbe694a0,0x00000000fdd00000)
  to   space 33792K, 0% used [0x00000000fdf00000,0x00000000fdf00000,0x0000000100000000)
 ParOldGen       total 252928K, used 233507K [0x00000000e0000000, 0x00000000ef700000, 0x00000000f5580000)
  object space 252928K, 92% used [0x00000000e0000000,0x00000000ee408eb0,0x00000000ef700000)
 Metaspace       used 133030K, capacity 141040K, committed 141208K, reserved 1171456K
  class space    used 17428K, capacity 19067K, committed 19112K, reserved 1048576K
Event: 454.079 GC heap after
Heap after GC invocations=48 (full 5):
 PSYoungGen      total 138752K, used 0K [0x00000000f5580000, 0x0000000100000000, 0x0000000100000000)
  eden space 104448K, 0% used [0x00000000f5580000,0x00000000f5580000,0x00000000fbb80000)
  from space 34304K, 0% used [0x00000000fbb80000,0x00000000fbb80000,0x00000000fdd00000)
  to   space 33792K, 0% used [0x00000000fdf00000,0x00000000fdf00000,0x0000000100000000)
 ParOldGen       total 349696K, used 192344K [0x00000000e0000000, 0x00000000f5580000, 0x00000000f5580000)
  object space 349696K, 55% used [0x00000000e0000000,0x00000000ebbd6040,0x00000000f5580000)
 Metaspace       used 132750K, capacity 140370K, committed 141208K, reserved 1171456K
  class space    used 17330K, capacity 18898K, committed 19112K, reserved 1048576K
}

